2025-10-31 16:18:28,977 - INFO - ============================================================
2025-10-31 16:18:28,978 - INFO - Starting continuous stock data fetch...
2025-10-31 16:18:28,978 - INFO - STOCK SEARCH ENGINE - INITIALIZING SYSTEM
2025-10-31 16:18:28,979 - INFO - Tracking 50 stocks
2025-10-31 16:18:28,979 - INFO - ============================================================
2025-10-31 16:18:28,979 - INFO - Update interval: 60 seconds
2025-10-31 16:18:28,980 - INFO - Step 1: Setting up database...
2025-10-31 16:18:28,980 - INFO - Fetching data for 50 stocks...
2025-10-31 16:18:29,006 - INFO - Database initialized successfully
2025-10-31 16:18:29,011 - INFO - Starting Flask application...
2025-10-31 16:18:29,026 - INFO - [31m[1mWARNING: This is a development server. Do not use it in a production deployment. Use a production WSGI server instead.[0m
 * Running on all addresses (0.0.0.0)
 * Running on http://127.0.0.1:5000
 * Running on http://192.168.0.101:5000
2025-10-31 16:18:29,028 - INFO - [33mPress CTRL+C to quit[0m
2025-10-31 16:18:29,047 - INFO - Database tables created with latest schema
2025-10-31 16:18:29,048 - INFO - [SUCCESS] Database setup completed
2025-10-31 16:18:29,048 - INFO - Step 2: Fetching initial stock data...
2025-10-31 16:18:29,049 - INFO - Fetching data for 50 stocks...
2025-10-31 16:18:30,208 - INFO - [16:18:30] AAPL: $271.40 (+0.63%)
2025-10-31 16:18:30,252 - INFO - [16:18:30] AAPL: $271.40 (+0.63%)
2025-10-31 16:18:31,834 - INFO - [16:18:31] MSFT: $525.76 (-2.92%)
2025-10-31 16:18:31,848 - INFO - [16:18:31] MSFT: $525.76 (-2.92%)
2025-10-31 16:18:35,753 - INFO - [16:18:35] NVDA: $202.89 (-2.00%)
2025-10-31 16:18:35,789 - INFO - [16:18:35] NVDA: $202.89 (-2.00%)
2025-10-31 16:18:37,554 - INFO - [16:18:37] AMZN: $222.86 (-3.23%)
2025-10-31 16:18:37,571 - INFO - [16:18:37] AMZN: $222.86 (-3.23%)
2025-10-31 16:18:39,484 - INFO - [16:18:39] GOOGL: $281.48 (+2.52%)
2025-10-31 16:18:39,500 - INFO - [16:18:39] GOOGL: $281.48 (+2.52%)
2025-10-31 16:18:41,103 - INFO - [16:18:41] META: $666.47 (-11.33%)
2025-10-31 16:18:41,226 - INFO - [16:18:41] META: $666.47 (-11.33%)
2025-10-31 16:18:42,539 - INFO - [16:18:42] TSLA: $440.10 (-4.63%)
2025-10-31 16:18:42,662 - INFO - [16:18:42] TSLA: $440.10 (-4.63%)
2025-10-31 16:18:43,950 - INFO - [16:18:43] AVGO: $376.47 (-2.46%)
2025-10-31 16:18:44,074 - INFO - [16:18:44] AVGO: $376.47 (-2.46%)
2025-10-31 16:18:46,500 - INFO - [16:18:46] TSM: $303.22 (-0.61%)
2025-10-31 16:18:47,508 - INFO - [16:18:47] TSM: $303.22 (-0.61%)
2025-10-31 16:18:48,127 - INFO - [16:18:48] TCEHY: $83.47 (-0.98%)
2025-10-31 16:18:48,959 - INFO - [16:18:48] TCEHY: $83.47 (-0.98%)
2025-10-31 16:18:49,883 - INFO - [16:18:49] JPM: $309.44 (+1.29%)
2025-10-31 16:18:50,228 - INFO - [16:18:50] JPM: $309.44 (+1.29%)
2025-10-31 16:18:51,380 - INFO - [16:18:51] BAC: $53.03 (+0.86%)
2025-10-31 16:18:51,930 - INFO - [16:18:51] BAC: $53.03 (+0.86%)
2025-10-31 16:18:52,996 - INFO - [16:18:52] V: $345.03 (+1.10%)
2025-10-31 16:18:53,226 - INFO - [16:18:53] V: $345.03 (+1.10%)
2025-10-31 16:18:54,403 - INFO - [16:18:54] MA: $553.68 (-0.16%)
2025-10-31 16:18:54,487 - INFO - [16:18:54] MA: $553.68 (-0.16%)
2025-10-31 16:18:55,798 - INFO - [16:18:55] PYPL: $67.93 (-2.51%)
2025-10-31 16:18:55,871 - INFO - [16:18:55] PYPL: $67.93 (-2.51%)
2025-10-31 16:18:58,651 - INFO - [16:18:58] GS: $790.16 (+0.91%)
2025-10-31 16:18:58,795 - INFO - [16:18:58] GS: $790.16 (+0.91%)
2025-10-31 16:19:03,792 - INFO - [16:19:03] MS: $165.26 (+0.75%)
2025-10-31 16:19:03,809 - INFO - [16:19:03] MS: $165.26 (+0.75%)
2025-10-31 16:19:05,610 - INFO - [16:19:05] AXP: $358.88 (+0.18%)
2025-10-31 16:19:05,628 - INFO - [16:19:05] AXP: $358.88 (+0.18%)
2025-10-31 16:19:07,090 - INFO - [16:19:07] INTU: $656.18 (+0.02%)
2025-10-31 16:19:07,138 - INFO - [16:19:07] INTU: $656.18 (+0.02%)
2025-10-31 16:19:08,597 - INFO - [16:19:08] NEE: $81.64 (-0.15%)
2025-10-31 16:19:08,621 - INFO - [16:19:08] NEE: $81.64 (-0.15%)
2025-10-31 16:19:10,145 - INFO - [16:19:10] ENPH: $30.13 (-3.24%)
2025-10-31 16:19:10,168 - INFO - [16:19:10] ENPH: $30.13 (-3.24%)
2025-10-31 16:19:11,827 - INFO - [16:19:11] FSLR: $233.58 (-3.36%)
2025-10-31 16:19:12,042 - INFO - [16:19:12] FSLR: $233.58 (-3.36%)
2025-10-31 16:19:15,608 - ERROR - HTTP Error 404: {"quoteSummary":{"result":null,"error":{"code":"Not Found","description":"Quote not found for symbol: ORSTED"}}}
2025-10-31 16:19:15,609 - ERROR - HTTP Error 404: {"quoteSummary":{"result":null,"error":{"code":"Not Found","description":"Quote not found for symbol: ORSTED"}}}
2025-10-31 16:19:17,411 - INFO - [16:19:17] XOM: $114.69 (-1.51%)
2025-10-31 16:19:17,429 - INFO - [16:19:17] XOM: $114.69 (-1.51%)
2025-10-31 16:19:18,851 - INFO - [16:19:18] CVX: $153.52 (-1.02%)
2025-10-31 16:19:18,972 - INFO - [16:19:18] CVX: $153.52 (-1.02%)
2025-10-31 16:19:20,615 - INFO - [16:19:20] BP: $34.77 (-1.22%)
2025-10-31 16:19:20,760 - INFO - [16:19:20] BP: $34.77 (-1.22%)
2025-10-31 16:19:22,174 - INFO - [16:19:22] TTE: $61.64 (-0.93%)
2025-10-31 16:19:22,191 - INFO - [16:19:22] TTE: $61.64 (-0.93%)
2025-10-31 16:19:23,592 - INFO - [16:19:23] SHEL: $74.73 (-1.09%)
2025-10-31 16:19:23,628 - INFO - [16:19:23] SHEL: $74.73 (-1.09%)
2025-10-31 16:19:25,001 - INFO - [16:19:25] JNJ: $189.05 (+1.31%)
2025-10-31 16:19:25,022 - INFO - [16:19:25] JNJ: $189.05 (+1.31%)
2025-10-31 16:19:26,538 - INFO - [16:19:26] PFE: $24.29 (N/A)
2025-10-31 16:19:26,948 - INFO - [16:19:26] PFE: $24.29 (N/A)
2025-10-31 16:19:29,701 - INFO - [16:19:29] MRK: $86.28 (-0.35%)
2025-10-31 16:19:29,906 - INFO - [16:19:29] MRK: $86.28 (-0.35%)
2025-10-31 16:19:31,137 - INFO - [16:19:31] NVS: $122.61 (+0.67%)
2025-10-31 16:19:31,194 - INFO - [16:19:31] NVS: $122.61 (+0.67%)
2025-10-31 16:19:33,253 - INFO - [16:19:33] RHHBY: $40.61 (+0.12%)
2025-10-31 16:19:33,273 - INFO - [16:19:33] RHHBY: $40.61 (+0.12%)
2025-10-31 16:19:35,629 - INFO - [16:19:35] AMGN: $292.00 (+0.08%)
2025-10-31 16:19:35,646 - INFO - [16:19:35] AMGN: $292.00 (+0.08%)
2025-10-31 16:19:37,044 - INFO - [16:19:37] GILD: $118.44 (-0.05%)
2025-10-31 16:19:37,061 - INFO - [16:19:37] GILD: $118.44 (-0.05%)
2025-10-31 16:19:38,458 - INFO - [16:19:38] BIIB: $149.61 (+1.18%)
2025-10-31 16:19:38,503 - INFO - [16:19:38] BIIB: $149.61 (+1.18%)
2025-10-31 16:24:27,374 - INFO - ============================================================
2025-10-31 16:24:27,375 - INFO - Starting continuous stock data fetch...
2025-10-31 16:24:27,375 - INFO - Tracking 50 stocks
2025-10-31 16:24:27,375 - INFO - Update interval: 60 seconds
2025-10-31 16:24:27,375 - INFO - Fetching data for 50 stocks...
2025-10-31 16:24:27,375 - INFO - STOCK SEARCH ENGINE - INITIALIZING SYSTEM
2025-10-31 16:24:27,377 - INFO - ============================================================
2025-10-31 16:24:27,377 - INFO - Step 1: Setting up database...
2025-10-31 16:24:27,378 - INFO - Database initialized successfully
2025-10-31 16:24:27,381 - INFO - Starting Flask application...
2025-10-31 16:24:27,394 - INFO - [31m[1mWARNING: This is a development server. Do not use it in a production deployment. Use a production WSGI server instead.[0m
 * Running on all addresses (0.0.0.0)
 * Running on http://127.0.0.1:5000
 * Running on http://192.168.0.101:5000
2025-10-31 16:24:27,394 - INFO - [33mPress CTRL+C to quit[0m
2025-10-31 16:24:27,444 - INFO - Database tables created with latest schema
2025-10-31 16:24:27,444 - INFO - [SUCCESS] Database setup completed
2025-10-31 16:24:27,445 - INFO - Step 2: Fetching initial stock data...
2025-10-31 16:24:27,445 - INFO - Fetching data for 50 stocks...
2025-10-31 16:24:31,551 - INFO - [16:24:31] AAPL: $271.40 (+0.63%)
2025-10-31 16:24:31,603 - INFO - [16:24:31] AAPL: $271.40 (+0.63%)
2025-10-31 16:24:33,998 - INFO - [16:24:33] MSFT: $525.76 (-2.92%)
2025-10-31 16:24:34,015 - INFO - [16:24:34] MSFT: $525.76 (-2.92%)
2025-10-31 16:24:35,981 - INFO - [16:24:35] NVDA: $202.89 (-2.00%)
2025-10-31 16:24:35,998 - INFO - [16:24:35] NVDA: $202.89 (-2.00%)
2025-10-31 16:24:37,444 - INFO - [16:24:37] AMZN: $222.86 (-3.23%)
2025-10-31 16:24:37,510 - INFO - [16:24:37] AMZN: $222.86 (-3.23%)
2025-10-31 16:24:38,826 - INFO - [16:24:38] GOOGL: $281.48 (+2.52%)
2025-10-31 16:24:38,900 - INFO - [16:24:38] GOOGL: $281.48 (+2.52%)
2025-10-31 16:24:40,626 - INFO - [16:24:40] META: $666.47 (-11.33%)
2025-10-31 16:24:40,654 - INFO - [16:24:40] META: $666.47 (-11.33%)
2025-10-31 16:24:42,003 - INFO - [16:24:42] TSLA: $440.10 (-4.63%)
2025-10-31 16:24:42,056 - INFO - [16:24:42] TSLA: $440.10 (-4.63%)
2025-10-31 16:24:43,367 - INFO - [16:24:43] AVGO: $376.47 (-2.46%)
2025-10-31 16:24:43,438 - INFO - [16:24:43] AVGO: $376.47 (-2.46%)
2025-10-31 16:24:45,381 - INFO - [16:24:45] TSM: $303.22 (-0.61%)
2025-10-31 16:24:45,413 - INFO - [16:24:45] TSM: $303.22 (-0.61%)
2025-10-31 16:24:46,811 - INFO - [16:24:46] TCEHY: $83.47 (-0.98%)
2025-10-31 16:24:46,828 - INFO - [16:24:46] TCEHY: $83.47 (-0.98%)
2025-10-31 16:24:48,270 - INFO - [16:24:48] JPM: $309.44 (+1.29%)
2025-10-31 16:24:48,363 - INFO - [16:24:48] JPM: $309.44 (+1.29%)
2025-10-31 16:24:49,630 - INFO - [16:24:49] BAC: $53.03 (+0.86%)
2025-10-31 16:24:49,701 - INFO - [16:24:49] BAC: $53.03 (+0.86%)
2025-10-31 16:24:53,976 - INFO - [16:24:53] V: $345.03 (+1.10%)
2025-10-31 16:24:54,043 - INFO - [16:24:54] V: $345.03 (+1.10%)
2025-10-31 16:24:57,822 - INFO - [16:24:57] MA: $553.68 (-0.16%)
2025-10-31 16:24:57,840 - INFO - [16:24:57] MA: $553.68 (-0.16%)
2025-10-31 16:24:59,421 - INFO - [16:24:59] PYPL: $67.93 (-2.51%)
2025-10-31 16:24:59,439 - INFO - [16:24:59] PYPL: $67.93 (-2.51%)
2025-10-31 16:25:02,545 - INFO - [16:25:02] GS: $790.16 (+0.91%)
2025-10-31 16:25:02,607 - INFO - [16:25:02] GS: $790.16 (+0.91%)
2025-10-31 16:25:04,132 - INFO - [16:25:04] MS: $165.26 (+0.75%)
2025-10-31 16:25:04,214 - INFO - [16:25:04] MS: $165.26 (+0.75%)
2025-10-31 16:25:05,717 - INFO - [16:25:05] AXP: $358.88 (+0.18%)
2025-10-31 16:25:05,737 - INFO - [16:25:05] AXP: $358.88 (+0.18%)
2025-10-31 16:25:07,523 - INFO - [16:25:07] INTU: $656.18 (+0.02%)
2025-10-31 16:25:07,547 - INFO - [16:25:07] INTU: $656.18 (+0.02%)
2025-10-31 16:25:09,090 - INFO - [16:25:09] NEE: $81.64 (-0.15%)
2025-10-31 16:25:09,164 - INFO - [16:25:09] NEE: $81.64 (-0.15%)
2025-10-31 16:25:10,641 - INFO - [16:25:10] ENPH: $30.13 (-3.24%)
2025-10-31 16:25:10,697 - INFO - [16:25:10] ENPH: $30.13 (-3.24%)
2025-10-31 16:25:12,260 - INFO - [16:25:12] FSLR: $233.58 (-3.36%)
2025-10-31 16:25:12,285 - INFO - [16:25:12] FSLR: $233.58 (-3.36%)
2025-10-31 16:25:15,696 - ERROR - HTTP Error 404: {"quoteSummary":{"result":null,"error":{"code":"Not Found","description":"Quote not found for symbol: ORSTED"}}}
2025-10-31 16:25:15,829 - ERROR - HTTP Error 404: {"quoteSummary":{"result":null,"error":{"code":"Not Found","description":"Quote not found for symbol: ORSTED"}}}
2025-10-31 16:25:17,682 - INFO - [16:25:17] XOM: $114.69 (-1.51%)
2025-10-31 16:25:17,733 - INFO - [16:25:17] XOM: $114.69 (-1.51%)
2025-10-31 16:25:19,107 - INFO - [16:25:19] CVX: $153.52 (-1.02%)
2025-10-31 16:25:19,181 - INFO - [16:25:19] CVX: $153.52 (-1.02%)
2025-10-31 16:25:22,206 - INFO - [16:25:22] BP: $34.77 (-1.22%)
2025-10-31 16:25:22,230 - INFO - [16:25:22] BP: $34.77 (-1.22%)
2025-10-31 16:25:23,666 - INFO - [16:25:23] TTE: $61.64 (-0.93%)
2025-10-31 16:25:23,720 - INFO - [16:25:23] TTE: $61.64 (-0.93%)
2025-10-31 16:25:25,056 - INFO - [16:25:25] SHEL: $74.73 (-1.09%)
2025-10-31 16:25:25,124 - INFO - [16:25:25] SHEL: $74.73 (-1.09%)
2025-10-31 16:25:26,518 - INFO - [16:25:26] JNJ: $189.05 (+1.31%)
2025-10-31 16:25:26,664 - INFO - [16:25:26] JNJ: $189.05 (+1.31%)
2025-10-31 16:25:28,654 - INFO - [16:25:28] PFE: $24.29 (N/A)
2025-10-31 16:25:28,667 - INFO - [16:25:28] PFE: $24.29 (N/A)
2025-10-31 16:25:30,175 - INFO - [16:25:30] MRK: $86.28 (-0.35%)
2025-10-31 16:25:30,255 - INFO - [16:25:30] MRK: $86.28 (-0.35%)
2025-10-31 16:25:32,413 - INFO - [16:25:32] NVS: $122.61 (+0.67%)
2025-10-31 16:25:32,442 - INFO - [16:25:32] NVS: $122.61 (+0.67%)
2025-10-31 16:25:34,356 - INFO - [16:25:34] RHHBY: $40.61 (+0.12%)
2025-10-31 16:25:34,383 - INFO - [16:25:34] RHHBY: $40.61 (+0.12%)
2025-10-31 16:25:35,752 - INFO - [16:25:35] AMGN: $292.00 (+0.08%)
2025-10-31 16:25:35,802 - INFO - [16:25:35] AMGN: $292.00 (+0.08%)
2025-10-31 16:25:37,135 - INFO - [16:25:37] GILD: $118.44 (-0.05%)
2025-10-31 16:25:37,202 - INFO - [16:25:37] GILD: $118.44 (-0.05%)
2025-10-31 16:25:38,677 - INFO - [16:25:38] BIIB: $149.61 (+1.18%)
2025-10-31 16:25:38,727 - INFO - [16:25:38] BIIB: $149.61 (+1.18%)
2025-10-31 16:25:41,452 - INFO - [16:25:41] REGN: $654.04 (+0.17%)
2025-10-31 16:25:41,467 - INFO - [16:25:41] REGN: $654.04 (+0.17%)
2025-10-31 16:25:44,176 - INFO - [16:25:44] MRNA: $28.14 (+13.93%)
2025-10-31 16:25:44,191 - INFO - [16:25:44] MRNA: $28.14 (+13.93%)
2025-10-31 16:25:45,737 - INFO - [16:25:45] NIO: $7.01 (-1.82%)
2025-10-31 16:25:45,755 - INFO - [16:25:45] NIO: $7.01 (-1.82%)
2025-10-31 16:25:52,134 - INFO - [16:25:52] RIVN: $12.99 (-5.25%)
2025-10-31 16:25:53,983 - INFO - [16:25:53] RIVN: $12.99 (-5.25%)
2025-10-31 16:25:55,481 - INFO - [16:25:55] LCID: $17.53 (-2.72%)
2025-10-31 16:26:01,951 - INFO - [16:26:01] BYD: $77.40 (+0.77%)
2025-10-31 16:26:02,618 - INFO - [16:26:02] LCID: $17.53 (-2.72%)
2025-10-31 16:26:03,986 - INFO - [16:26:03] TM: $207.21 (+0.06%)
2025-10-31 16:26:04,044 - INFO - [16:26:04] BYD: $77.40 (+0.77%)
2025-10-31 16:26:09,672 - INFO - [16:26:09] TM: $207.21 (+0.06%)
2025-10-31 16:26:10,097 - INFO - [16:26:10] HMC: $31.07 (-0.38%)
2025-10-31 16:26:11,013 - INFO - [16:26:11] HMC: $31.07 (-0.38%)
2025-10-31 16:26:12,410 - INFO - [16:26:12] GM: $68.67 (-0.67%)
2025-10-31 16:26:12,755 - INFO - [16:26:12] GM: $68.67 (-0.67%)
2025-10-31 16:26:14,085 - INFO - [16:26:14] F: $13.06 (-1.36%)
2025-10-31 16:26:14,099 - INFO - [16:26:14] F: $13.06 (-1.36%)
2025-10-31 16:26:15,542 - INFO - [16:26:15] STLA: $10.14 (-9.55%)
2025-10-31 16:26:15,572 - INFO - [16:26:15] STLA: $10.14 (-9.55%)
2025-10-31 16:26:17,013 - INFO - [16:26:17] VWAGY: $10.47 (-1.69%)
2025-10-31 16:26:17,040 - INFO - [16:26:17] VWAGY: $10.47 (-1.69%)
2025-10-31 16:26:18,015 - INFO - Successfully updated 50/50 stocks
2025-10-31 16:26:18,016 - INFO - Waiting 60 seconds until next update...
2025-10-31 16:26:18,042 - INFO - Successfully updated 50/50 stocks
2025-10-31 16:26:18,043 - INFO - [SUCCESS] Initial stock data fetched
2025-10-31 16:26:18,043 - INFO - Step 3: Initializing search engine...
2025-10-31 16:26:18,044 - INFO - Loading stock data for search engine...
2025-10-31 16:26:18,052 - INFO - Loaded 47 stocks for searching
2025-10-31 16:26:18,080 - INFO - Built index with 1160 unique terms
2025-10-31 16:26:18,081 - INFO - [SUCCESS] Search engine initialized
2025-10-31 16:26:18,082 - INFO - ==================================================
2025-10-31 16:26:18,083 - INFO - SYSTEM INFORMATION
2025-10-31 16:26:18,083 - INFO - ==================================================
2025-10-31 16:26:18,083 - INFO - Stocks loaded: 47
2025-10-31 16:26:18,084 - INFO - Search terms: 1160
2025-10-31 16:26:18,085 - INFO - Sample stocks:
2025-10-31 16:26:18,086 - INFO -   AAPL: Apple Inc. - $271.4
2025-10-31 16:26:18,087 - INFO -   AMGN: Amgen Inc. - $292.0
2025-10-31 16:26:18,088 - INFO -   AMZN: Amazon.com, Inc. - $222.86
2025-10-31 16:26:18,088 - INFO - ============================================================
2025-10-31 16:26:18,089 - INFO - [SUCCESS] SYSTEM INITIALIZATION COMPLETED
2025-10-31 16:26:18,089 - INFO - ============================================================
2025-10-31 16:26:18,090 - INFO - Stock system initialization completed
2025-10-31 16:27:18,017 - INFO - Fetching data for 50 stocks...
2025-10-31 16:27:19,779 - INFO - [16:27:19] AAPL: $271.40 (+0.63%)
2025-10-31 16:27:21,591 - INFO - [16:27:21] MSFT: $525.76 (-2.92%)
2025-10-31 16:27:23,610 - INFO - [16:27:23] NVDA: $202.89 (-2.00%)
2025-10-31 16:27:24,954 - INFO - [16:27:24] AMZN: $222.86 (-3.23%)
2025-10-31 16:27:31,284 - INFO - [16:27:31] GOOGL: $281.48 (+2.52%)
2025-10-31 16:27:33,066 - INFO - [16:27:33] META: $666.47 (-11.33%)
2025-10-31 16:27:34,334 - INFO - [16:27:34] TSLA: $440.10 (-4.63%)
2025-10-31 16:27:35,590 - INFO - [16:27:35] AVGO: $376.47 (-2.46%)
2025-10-31 16:27:37,613 - INFO - [16:27:37] TSM: $303.22 (-0.61%)
2025-10-31 16:27:39,390 - INFO - [16:27:39] TCEHY: $83.47 (-0.98%)
2025-10-31 16:27:41,711 - INFO - [16:27:41] JPM: $309.44 (+1.29%)
2025-10-31 16:27:43,750 - INFO - [16:27:43] BAC: $53.03 (+0.86%)
2025-10-31 16:27:45,178 - INFO - [16:27:45] V: $345.03 (+1.10%)
2025-10-31 16:27:46,530 - INFO - [16:27:46] MA: $553.68 (-0.16%)
2025-11-01 02:18:40,231 - INFO - ============================================================
2025-11-01 02:18:40,232 - INFO - Starting continuous stock data fetch...
2025-11-01 02:18:40,237 - INFO - STOCK SEARCH ENGINE - INITIALIZING SYSTEM
2025-11-01 02:18:40,237 - INFO - Tracking 50 stocks
2025-11-01 02:18:40,237 - INFO - ============================================================
2025-11-01 02:18:40,237 - INFO - Update interval: 60 seconds
2025-11-01 02:18:40,238 - INFO - Step 1: Setting up database...
2025-11-01 02:18:40,238 - INFO - Fetching data for 50 stocks...
2025-11-01 02:18:40,238 - INFO - Database initialized successfully
2025-11-01 02:18:40,248 - INFO - Starting Flask application...
2025-11-01 02:18:40,271 - INFO - [31m[1mWARNING: This is a development server. Do not use it in a production deployment. Use a production WSGI server instead.[0m
 * Running on all addresses (0.0.0.0)
 * Running on http://127.0.0.1:5000
 * Running on http://192.168.0.101:5000
2025-11-01 02:18:40,271 - INFO - [33mPress CTRL+C to quit[0m
2025-11-01 02:18:40,305 - INFO - Database tables created with latest schema
2025-11-01 02:18:40,305 - INFO - [SUCCESS] Database setup completed
2025-11-01 02:18:40,305 - INFO - Step 2: Fetching initial stock data...
2025-11-01 02:18:40,306 - INFO - Fetching data for 50 stocks...
2025-11-01 02:18:41,191 - INFO - [02:18:41] AAPL: $270.37 (-0.38%)
2025-11-01 02:18:41,274 - INFO - [02:18:41] AAPL: $270.37 (-0.38%)
2025-11-01 02:18:42,485 - INFO - [02:18:42] MSFT: $517.81 (-1.52%)
2025-11-01 02:18:42,563 - INFO - [02:18:42] MSFT: $517.81 (-1.52%)
2025-11-01 02:18:43,787 - INFO - [02:18:43] NVDA: $202.49 (-0.16%)
2025-11-01 02:18:43,831 - INFO - [02:18:43] NVDA: $202.49 (-0.16%)
2025-11-01 02:18:45,095 - INFO - [02:18:45] AMZN: $244.22 (+9.58%)
2025-11-01 02:18:45,138 - INFO - [02:18:45] AMZN: $244.22 (+9.58%)
2025-11-01 02:18:46,412 - INFO - [02:18:46] GOOGL: $281.19 (-0.10%)
2025-11-01 02:18:46,434 - INFO - [02:18:46] GOOGL: $281.19 (-0.10%)
2025-11-01 02:18:47,720 - INFO - [02:18:47] META: $648.35 (-2.72%)
2025-11-01 02:18:47,749 - INFO - [02:18:47] META: $648.35 (-2.72%)
2025-11-01 02:18:49,029 - INFO - [02:18:49] TSLA: $456.56 (+3.74%)
2025-11-01 02:18:49,042 - INFO - [02:18:49] TSLA: $456.56 (+3.74%)
2025-11-01 02:18:50,327 - INFO - [02:18:50] AVGO: $369.63 (-1.82%)
2025-11-01 02:18:50,350 - INFO - [02:18:50] AVGO: $369.63 (-1.82%)
2025-11-01 02:18:51,630 - INFO - [02:18:51] TSM: $300.43 (-0.92%)
2025-11-01 02:18:51,654 - INFO - [02:18:51] TSM: $300.43 (-0.92%)
2025-11-01 02:18:52,930 - INFO - [02:18:52] TCEHY: $81.41 (-2.46%)
2025-11-01 02:18:52,950 - INFO - [02:18:52] TCEHY: $81.41 (-2.46%)
2025-11-01 02:18:54,237 - INFO - [02:18:54] JPM: $311.12 (+0.54%)
2025-11-01 02:18:54,264 - INFO - [02:18:54] JPM: $311.12 (+0.54%)
2025-11-01 02:18:55,556 - INFO - [02:18:55] BAC: $53.45 (+0.79%)
2025-11-01 02:18:55,573 - INFO - [02:18:55] BAC: $53.45 (+0.79%)
2025-11-01 02:18:56,876 - INFO - [02:18:56] V: $340.74 (-1.24%)
2025-11-01 02:18:56,935 - INFO - [02:18:56] V: $340.74 (-1.24%)
2025-11-01 02:18:58,186 - INFO - [02:18:58] MA: $551.99 (-0.31%)
2025-11-01 02:18:58,241 - INFO - [02:18:58] MA: $551.99 (-0.31%)
2025-11-01 02:18:59,497 - INFO - [02:18:59] PYPL: $69.27 (+1.97%)
2025-11-01 02:18:59,533 - INFO - [02:18:59] PYPL: $69.27 (+1.97%)
2025-11-01 02:19:02,097 - INFO - [02:19:02] GS: $789.37 (-0.10%)
2025-11-01 02:19:02,119 - INFO - [02:19:02] GS: $789.37 (-0.10%)
2025-11-01 02:19:03,404 - INFO - [02:19:03] MS: $164.00 (-0.16%)
2025-11-01 02:19:03,419 - INFO - [02:19:03] MS: $164.00 (-0.16%)
2025-11-01 02:19:04,721 - INFO - [02:19:04] AXP: $360.73 (+0.52%)
2025-11-01 02:19:04,748 - INFO - [02:19:04] AXP: $360.73 (+0.52%)
2025-11-01 02:19:06,024 - INFO - [02:19:06] INTU: $667.55 (+1.73%)
2025-11-01 02:19:06,044 - INFO - [02:19:06] INTU: $667.55 (+1.73%)
2025-11-01 02:19:07,331 - INFO - [02:19:07] NEE: $81.40 (-0.29%)
2025-11-01 02:19:07,347 - INFO - [02:19:07] NEE: $81.40 (-0.29%)
2025-11-01 02:19:08,648 - INFO - [02:19:08] ENPH: $30.51 (+1.26%)
2025-11-01 02:19:08,667 - INFO - [02:19:08] ENPH: $30.51 (+1.26%)
2025-11-01 02:19:09,966 - INFO - [02:19:09] FSLR: $266.94 (+14.28%)
2025-11-01 02:19:09,996 - INFO - [02:19:09] FSLR: $266.94 (+14.28%)
2025-11-01 02:19:11,286 - INFO - [02:19:11] VWS.CO: $131.95 (-2.26%)
2025-11-01 02:19:11,306 - INFO - [02:19:11] VWS.CO: $131.95 (-2.26%)
2025-11-01 02:19:12,594 - INFO - [02:19:12] ORSTED.CO: $115.80 (-0.69%)
2025-11-01 02:19:12,622 - INFO - [02:19:12] ORSTED.CO: $115.80 (-0.69%)
2025-11-01 02:19:13,912 - INFO - [02:19:13] XOM: $114.36 (-0.29%)
2025-11-01 02:19:13,938 - INFO - [02:19:13] XOM: $114.36 (-0.29%)
2025-11-01 02:19:15,230 - INFO - [02:19:15] CVX: $157.72 (+2.74%)
2025-11-01 02:19:15,249 - INFO - [02:19:15] CVX: $157.72 (+2.74%)
2025-11-01 02:19:16,533 - INFO - [02:19:16] BP: $35.13 (+1.04%)
2025-11-01 02:19:16,547 - INFO - [02:19:16] BP: $35.13 (+1.04%)
2025-11-01 02:19:17,845 - INFO - [02:19:17] TTE: $62.24 (+0.97%)
2025-11-01 02:19:17,914 - INFO - [02:19:17] TTE: $62.24 (+0.97%)
2025-11-01 02:19:19,146 - INFO - [02:19:19] SHEL: $74.92 (+0.25%)
2025-11-01 02:19:19,212 - INFO - [02:19:19] SHEL: $74.92 (+0.25%)
2025-11-01 02:19:20,446 - INFO - [02:19:20] JNJ: $188.87 (-0.10%)
2025-11-01 02:19:20,526 - INFO - [02:19:20] JNJ: $188.87 (-0.10%)
2025-11-01 02:19:21,785 - INFO - [02:19:21] PFE: $24.65 (+1.48%)
2025-11-01 02:19:21,803 - INFO - [02:19:21] PFE: $24.65 (+1.48%)
2025-11-01 02:19:23,112 - INFO - [02:19:23] MRK: $85.98 (-0.35%)
2025-11-01 02:19:23,130 - INFO - [02:19:23] MRK: $85.98 (-0.35%)
2025-11-01 02:19:24,419 - INFO - [02:19:24] NVS: $123.79 (+0.96%)
2025-11-01 02:19:24,437 - INFO - [02:19:24] NVS: $123.79 (+0.96%)
2025-11-01 02:19:25,722 - INFO - [02:19:25] RHHBY: $40.41 (-0.49%)
2025-11-01 02:19:25,745 - INFO - [02:19:25] RHHBY: $40.41 (-0.49%)
2025-11-01 02:19:27,330 - INFO - [02:19:27] AMGN: $298.43 (+2.20%)
2025-11-01 02:19:27,569 - INFO - [02:19:27] AMGN: $298.43 (+2.20%)
2025-11-01 02:19:28,632 - INFO - [02:19:28] GILD: $119.79 (+1.14%)
2025-11-01 02:19:28,780 - INFO - [02:19:28] GILD: $119.79 (+1.14%)
2025-11-01 02:19:29,998 - INFO - [02:19:29] BIIB: $154.27 (+3.11%)
2025-11-01 02:19:30,067 - INFO - [02:19:30] BIIB: $154.27 (+3.11%)
2025-11-01 02:19:31,309 - INFO - [02:19:31] REGN: $651.80 (-0.34%)
2025-11-01 02:19:31,363 - INFO - [02:19:31] REGN: $651.80 (-0.34%)
2025-11-01 02:19:32,623 - INFO - [02:19:32] MRNA: $27.16 (-3.48%)
2025-11-01 02:19:32,669 - INFO - [02:19:32] MRNA: $27.16 (-3.48%)
2025-11-01 02:19:33,940 - INFO - [02:19:33] NIO: $7.25 (+3.42%)
2025-11-01 02:19:33,968 - INFO - [02:19:33] NIO: $7.25 (+3.42%)
2025-11-01 02:19:35,252 - INFO - [02:19:35] RIVN: $13.57 (+4.46%)
2025-11-01 02:19:35,269 - INFO - [02:19:35] RIVN: $13.57 (+4.46%)
2025-11-01 02:19:36,563 - INFO - [02:19:36] LCID: $17.75 (+1.25%)
2025-11-01 02:19:36,591 - INFO - [02:19:36] LCID: $17.75 (+1.25%)
2025-11-01 02:19:37,867 - INFO - [02:19:37] BYD: $77.87 (+0.61%)
2025-11-01 02:19:37,880 - INFO - [02:19:37] BYD: $77.87 (+0.61%)
2025-11-01 02:19:39,174 - INFO - [02:19:39] TM: $204.19 (-1.46%)
2025-11-01 02:19:39,197 - INFO - [02:19:39] TM: $204.19 (-1.46%)
2025-11-01 02:19:40,472 - INFO - [02:19:40] HMC: $30.50 (-1.83%)
2025-11-01 02:19:40,501 - INFO - [02:19:40] HMC: $30.50 (-1.83%)
2025-11-01 02:19:41,768 - INFO - [02:19:41] GM: $69.09 (+0.61%)
2025-11-01 02:19:41,795 - INFO - [02:19:41] GM: $69.09 (+0.61%)
2025-11-01 02:19:43,085 - INFO - [02:19:43] F: $13.13 (+0.54%)
2025-11-01 02:19:43,113 - INFO - [02:19:43] F: $13.13 (+0.54%)
